{"level":"info","message":"{\"feature\":\"updatepoint\",\"request\":{\"name\":\"เกาเหลาเนื้อ\",\"point\":5},\"response\":{\"_id\":\"659da9ff684fceb18e1f0bdf\",\"number\":342,\"name\":\"เกาเหลาเนื้อ\",\"point\":4.909090909090909,\"count\":11},\"status\":\"success\"}","timestamp":"2024-05-16T17:45:04.772Z"}
{"level":"info","message":"{\"feature\":\"updatepoint\",\"request\":{\"name\":\"เหลาเนื้อ\",\"point\":5},\"response\":{\"_id\":\"66464626a601fd0bb08f2a9e\",\"number\":656,\"name\":\"เหลาเนื้อ\",\"point\":5,\"count\":1},\"status\":\"success\"}","timestamp":"2024-05-16T17:45:11.333Z"}
{"level":"info","message":"{\"feature\":\"updatepoint\",\"request\":{\"name\":\"เกาเหลาเนื้อ\",\"point\":5},\"response\":{\"_id\":\"659da9ff684fceb18e1f0bdf\",\"number\":342,\"name\":\"เกาเหลาเนื้อ\",\"point\":4.916666666666667,\"count\":12},\"status\":\"success\"}","timestamp":"2024-05-16T17:45:29.927Z"}
{"level":"info","message":"{\"feature\":\"updatepoint\",\"request\":{\"name\":\"เกาเหลาเนื้อ\",\"point\":5},\"response\":{\"_id\":\"659da9ff684fceb18e1f0bdf\",\"number\":342,\"name\":\"เกาเหลาเนื้อ\",\"point\":4.923076923076923,\"count\":13},\"status\":\"success\"}","timestamp":"2024-05-16T17:54:42.126Z"}
{"level":"info","message":"{\"feature\":\"updatepoint\",\"request\":{\"name\":\"เหลาเนื้อ\",\"point\":5},\"response\":{\"_id\":\"66464626a601fd0bb08f2a9e\",\"number\":656,\"name\":\"เหลาเนื้อ\",\"point\":5,\"count\":2},\"status\":\"success\"}","timestamp":"2024-05-16T17:55:07.274Z"}
{"level":"info","message":"{\"feature\":\"updatepoint\",\"request\":{\"name\":\"เกาเหลาเนื้อ\",\"point\":5},\"response\":{\"_id\":\"659da9ff684fceb18e1f0bdf\",\"number\":342,\"name\":\"เกาเหลาเนื้อ\",\"point\":4.928571428571429,\"count\":14},\"status\":\"success\"}","timestamp":"2024-05-16T17:55:23.077Z"}
{"level":"error","message":"{\"feature\":\"updatepoint\",\"request\":{\"name\":\"กาเหลาเนื้อ\",\"point\":5},\"response\":\"Document not found\",\"status\":\"error\"}","timestamp":"2024-05-16T20:10:55.959Z"}
{"level":"error","message":"{\"feature\":\"updatepoint\",\"request\":{\"name\":\"าเหลาเนื้อ\",\"point\":5},\"response\":\"Document not found\",\"status\":\"error\"}","timestamp":"2024-05-16T20:12:43.096Z"}
{"level":"info","message":"{\"feature\":\"updatepoint\",\"request\":{\"name\":\"เกาเหลาเนื้อ\",\"point\":5},\"response\":{\"_id\":\"659da9ff684fceb18e1f0bdf\",\"number\":342,\"name\":\"เกาเหลาเนื้อ\",\"point\":4.933333333333334,\"count\":15},\"status\":\"success\"}","timestamp":"2024-05-16T20:13:01.416Z"}
{"level":"info","message":"{\"feature\":\"updatepoint\",\"request\":{\"name\":\"เกาเหลาเนื้อ\",\"point\":5},\"response\":{\"_id\":\"659da9ff684fceb18e1f0bdf\",\"number\":342,\"name\":\"เกาเหลาเนื้อ\",\"point\":4.9375,\"count\":16},\"status\":\"success\"}","timestamp":"2024-05-16T20:15:08.105Z"}
{"level":"error","message":"{\"feature\":\"updatepoint\",\"request\":{\"name\":\"กเกาเหลาเนื้อ\",\"point\":5},\"response\":\"Document not found\",\"status\":\"error\"}","timestamp":"2024-05-16T20:15:39.505Z"}
{"level":"error","message":"{\"feature\":\"updatepoint\",\"request\":{\"name\":\"กเกาเหลาเนื้อ\",\"point\":5},\"response\":\"Document not found\",\"status\":\"error\"}","timestamp":"2024-05-16T20:17:59.081Z"}
{"level":"error","message":"{\"feature\":\"updatepoint\",\"request\":{\"name\":\"กเกาเหลาเนื้อ\",\"point\":5},\"response\":\"Document not found\",\"status\":\"error\"}","timestamp":"2024-05-16T20:26:28.272Z"}
{"level":"error","message":"{\"feature\":\"updatepoint\",\"request\":{\"name\":\"กเกาเหลาเนื้อ\",\"point\":5},\"response\":\"Document not found\",\"status\":\"error\"}","timestamp":"2024-05-16T20:27:09.047Z"}
{"level":"error","message":"{\"feature\":\"updatepoint\",\"request\":{\"name\":\"กเกาเหลาเนื้อ\",\"point\":5},\"response\":\"Document not found\",\"status\":\"error\"}","timestamp":"2024-05-16T20:30:51.127Z"}
{"level":"error","message":"{\"feature\":\"updatepoint\",\"request\":{\"name\":\"กเกาเหลาเนื้อ\",\"point\":5},\"response\":\"Document not found\",\"status\":\"error\"}","timestamp":"2024-05-16T20:31:44.258Z"}
{"level":"error","message":"{\"feature\":\"updatepoint\",\"request\":{\"name\":\"กเกาเหลาเนื้อ\",\"point\":5},\"response\":\"Document not found\",\"status\":\"error\"}","timestamp":"2024-05-16T20:32:17.676Z"}
{"level":"error","message":"{\"feature\":\"updatepoint\",\"request\":{\"name\":\"กเกาเหลาเนื้อ\",\"point\":5},\"response\":\"Document not found\",\"status\":\"error\"}","timestamp":"2024-05-16T20:32:48.219Z"}
{"level":"error","message":"{\"feature\":\"updatepoint\",\"request\":{\"name\":\"กเกาเหลาเนื้อ\",\"point\":5},\"response\":\"Cannot read properties of null (reading 'count')\",\"status\":\"error\"}","timestamp":"2024-05-16T20:36:02.794Z"}
{"level":"error","message":"{\"feature\":\"updatepoint\",\"request\":{\"name\":\"กเกาเหลาเนื้อ\",\"point\":5},\"response\":\"Document not found\",\"status\":\"error\"}","timestamp":"2024-05-16T20:36:21.158Z"}
{"level":"error","message":"{\"feature\":\"updatepoint\",\"request\":{\"name\":\"กเกาเหลาเนื้อ\",\"point\":5},\"response\":\"Document not found\",\"status\":\"error\"}","timestamp":"2024-05-16T20:42:53.635Z"}
{"level":"error","message":"{\"feature\":\"updatepoint\",\"request\":{\"name\":\"กเกาเหลาเนื้อ\",\"point\":5},\"response\":\"Document not found\",\"status\":\"error\"}","timestamp":"2024-05-16T20:44:05.000Z"}
{"level":"error","message":"{\"feature\":\"updatepoint\",\"request\":{\"name\":\"กเกาเหลาเนื้อ\",\"point\":5},\"response\":\"Document not found\",\"status\":\"error\"}","timestamp":"2024-05-16T20:45:50.990Z"}
{"level":"error","message":"{\"feature\":\"updatepoint\",\"request\":{\"name\":\"กเกาเหลาเนื้อ\",\"point\":5},\"response\":\"Document not found\",\"status\":\"error\"}","timestamp":"2024-05-16T20:46:50.202Z"}
{"level":"error","message":"{\"feature\":\"updatepoint\",\"request\":{\"name\":\"กเกาเหลาเนื้อ\",\"point\":5},\"response\":\"newcount is not defined\",\"status\":\"error\"}","timestamp":"2024-05-16T20:52:36.580Z"}
{"level":"info","message":"{\"feature\":\"updatepoint\",\"request\":{\"name\":\"กเกาเหลาเนื้อ\",\"point\":5},\"response\":{\"name\":\"กเกาเหลาเนื้อ\",\"point\":5,\"count\":1,\"_id\":\"664672442826a9b1dea2b773\"},\"status\":\"success\"}","timestamp":"2024-05-16T20:53:24.951Z"}
{"level":"info","message":"{\"feature\":\"updatepoint\",\"request\":{\"name\":\"เกเกาเหลาเนื้อ\",\"point\":5},\"response\":{\"name\":\"เกเกาเหลาเนื้อ\",\"point\":5,\"count\":1,\"_id\":\"664672bcff8de8f723cfb15b\"},\"status\":\"success\"}","timestamp":"2024-05-16T20:55:24.569Z"}
{"level":"info","message":"{\"feature\":\"updatepoint\",\"request\":{\"name\":\"เกเกาเหลาเนื้อ\",\"point\":5},\"response\":{\"_id\":\"664672bcff8de8f723cfb15b\",\"name\":\"เกเกาเหลาเนื้อ\",\"point\":7.5,\"count\":2},\"status\":\"success\"}","timestamp":"2024-05-16T20:55:46.873Z"}
{"level":"info","message":"{\"feature\":\"updatepoint\",\"request\":{\"name\":\"เกเกาเหลาเนื้อ\",\"point\":5},\"response\":{\"_id\":\"664672bcff8de8f723cfb15b\",\"name\":\"เกเกาเหลาเนื้อ\",\"point\":9.166666666666666,\"count\":3},\"status\":\"success\"}","timestamp":"2024-05-16T20:56:41.883Z"}
{"level":"error","message":"{\"feature\":\"updatepoint\",\"request\":{\"name\":\"เกาเกาเหลาเนื้อ\",\"point\":5},\"response\":\"newCount is not defined\",\"status\":\"error\"}","timestamp":"2024-05-16T20:58:13.939Z"}
{"level":"info","message":"{\"feature\":\"updatepoint\",\"request\":{\"name\":\"เกาเกาเหลาเนื้อ\",\"point\":5},\"response\":{\"name\":\"เกาเกาเหลาเนื้อ\",\"point\":5,\"count\":1,\"_id\":\"66467399424ab5c63443c7a2\"},\"status\":\"success\"}","timestamp":"2024-05-16T20:59:05.792Z"}
{"level":"info","message":"{\"feature\":\"updatepoint\",\"request\":{\"name\":\"เกาเกาเหลาเนื้อ\",\"point\":5},\"response\":{\"_id\":\"66467399424ab5c63443c7a2\",\"name\":\"เกาเกาเหลาเนื้อ\",\"point\":5,\"count\":2},\"status\":\"success\"}","timestamp":"2024-05-16T20:59:09.210Z"}
{"level":"info","message":"{\"feature\":\"updatepoint\",\"request\":{\"name\":\"เกาเกาเหลาเนื้อ\",\"point\":4},\"response\":{\"_id\":\"66467399424ab5c63443c7a2\",\"name\":\"เกาเกาเหลาเนื้อ\",\"point\":4.666666666666667,\"count\":3},\"status\":\"success\"}","timestamp":"2024-05-16T20:59:15.499Z"}
{"level":"info","message":"{\"feature\":\"updatepoint\",\"request\":{\"name\":\"เกาเกาเหลาเนื้อ\",\"point\":4},\"response\":{\"_id\":\"66467399424ab5c63443c7a2\",\"name\":\"เกาเกาเหลาเนื้อ\",\"point\":4.5,\"count\":4},\"status\":\"success\"}","timestamp":"2024-05-16T20:59:17.551Z"}
{"level":"info","message":"{\"feature\":\"updatepoint\",\"request\":{\"name\":\"เกาเกาเหลาเนื้อ\",\"point\":4},\"response\":{\"_id\":\"66467399424ab5c63443c7a2\",\"name\":\"เกาเกาเหลาเนื้อ\",\"point\":4.4,\"count\":5},\"status\":\"success\"}","timestamp":"2024-05-16T20:59:21.879Z"}
